\BOOKMARK [1][-]{section.1}{\376\377\016\032\016\027\016\031\016\063}{}% 1
\BOOKMARK [2][-]{subsection.1.1}{\376\377\016\027\016\065\016\110\016\041\016\062\016\101\016\045\016\060\016\004\016\047\016\062\016\041\016\052\016\063\016\004\016\061\016\015\016\002\016\055\016\007\016\102\016\004\016\043\016\007\016\007\016\062\016\031}{section.1}% 2
\BOOKMARK [2][-]{subsection.1.2}{\376\377\016\047\016\061\016\025\016\026\016\070\016\033\016\043\016\060\016\052\016\007\016\004\016\114\016\002\016\055\016\007\016\102\016\004\016\043\016\007\016\007\016\062\016\031}{section.1}% 3
\BOOKMARK [2][-]{subsection.1.3}{\376\377\016\002\016\055\016\032\016\100\016\002\016\025\016\002\016\055\016\007\016\102\016\004\016\043\016\007\016\007\016\062\016\031}{section.1}% 4
\BOOKMARK [2][-]{subsection.1.4}{\376\377\016\040\016\062\016\036\016\043\016\047\016\041\016\043\016\060\016\032\016\032\000\040\000\050\000S\000y\000s\000t\000e\000m\000\040\000O\000v\000e\000r\000v\000i\000e\000w\000\051}{section.1}% 5
\BOOKMARK [2][-]{subsection.1.5}{\376\377\016\052\016\043\016\070\016\033\000\040\000S\000y\000s\000t\000e\000m\000\040\000R\000e\000q\000u\000i\000r\000e\000m\000e\000n\000t\000s}{section.1}% 6
\BOOKMARK [1][-]{section.2}{\376\377\016\001\016\062\016\043\016\055\016\055\016\001\016\101\016\032\016\032\016\043\016\060\016\032\016\032\000\040\000\050\000S\000y\000s\000t\000e\000m\000\040\000D\000e\000s\000i\000g\000n\000\051}{}% 7
\BOOKMARK [2][-]{subsection.2.1}{\376\377\016\001\016\062\016\043\016\055\016\055\016\001\016\101\016\032\016\032\016\100\016\012\016\064\016\007\016\001\016\045\000\040\000\050\000M\000e\000c\000h\000a\000n\000i\000c\000a\000l\000\040\000D\000e\000s\000i\000g\000n\000\051}{section.2}% 8
\BOOKMARK [3][-]{subsubsection.2.1.1}{\376\377\016\052\016\026\016\062\016\033\016\061\016\025\016\042\016\001\016\043\016\043\016\041\016\100\016\012\016\064\016\007\016\001\016\045\016\102\016\024\016\042\016\043\016\047\016\041}{subsection.2.1}% 9
\BOOKMARK [3][-]{subsubsection.2.1.2}{\376\377\016\001\016\062\016\043\016\004\016\063\016\031\016\047\016\023\016\100\016\036\016\045\016\062\000\040\000\050\000S\000h\000a\000f\000t\000\040\000C\000a\000l\000c\000u\000l\000a\000t\000i\000o\000n\000\051}{subsection.2.1}% 10
\BOOKMARK [3][-]{subsubsection.2.1.3}{\376\377\016\001\016\062\016\043\016\004\016\063\016\031\016\047\016\023\016\052\016\062\016\042\016\036\016\062\016\031\000\040\000\050\000B\000e\000l\000t\000\040\000C\000a\000l\000c\000u\000l\000a\000t\000i\000o\000n\000\051}{subsection.2.1}% 11
\BOOKMARK [3][-]{subsubsection.2.1.4}{\376\377\016\001\016\062\016\043\016\100\016\045\016\067\016\055\016\001\000\040\000B\000e\000a\000r\000i\000n\000g}{subsection.2.1}% 12
\BOOKMARK [3][-]{subsubsection.2.1.5}{\376\377\016\001\016\062\016\043\016\047\016\064\016\100\016\004\016\043\016\062\016\060\016\053\016\114\016\001\016\062\016\043\016\102\016\001\016\110\016\007\016\025\016\061\016\047\000\040\000\050\000D\000e\000f\000l\000e\000c\000t\000i\000o\000n\000\040\000A\000n\000a\000l\000y\000s\000i\000s\000\051}{subsection.2.1}% 13
\BOOKMARK [3][-]{subsubsection.2.1.6}{\376\377\000M\000o\000t\000i\000o\000n\000\040\000P\000r\000o\000f\000i\000l\000e\000\040\016\001\016\062\016\043\016\100\016\004\016\045\016\067\016\110\016\055\016\031\016\027\016\065\016\110\000\040\000\050\000S\000-\000C\000u\000r\000v\000e\000\051}{subsection.2.1}% 14
\BOOKMARK [2][-]{subsection.2.2}{\376\377\016\001\016\062\016\043\016\055\016\055\016\001\016\101\016\032\016\032\016\043\016\060\016\032\016\032\016\104\016\037\016\037\016\111\016\062\016\101\016\045\016\060\016\055\016\064\016\100\016\045\016\107\016\001\016\027\016\043\016\055\016\031\016\064\016\001\016\052\016\114\000\040\000\050\000E\000l\000e\000c\000t\000r\000o\000n\000i\000c\000s\000\040\000D\000e\000s\000i\000g\000n\000\051}{section.2}% 15
\BOOKMARK [3][-]{subsubsection.2.2.1}{\376\377\016\052\016\026\016\062\016\033\016\061\016\025\016\042\016\001\016\043\016\043\016\041\016\104\016\037\016\037\016\111\016\062\016\102\016\024\016\042\016\043\016\047\016\041}{subsection.2.2}% 16
\BOOKMARK [3][-]{subsubsection.2.2.2}{\376\377\000S\000c\000h\000e\000m\000a\000t\000i\000c\000\040\016\025\016\071\016\111\016\004\016\047\016\032\016\004\016\070\016\041}{subsection.2.2}% 17
\BOOKMARK [3][-]{subsubsection.2.2.3}{\376\377\016\001\016\062\016\043\016\055\016\055\016\001\016\101\016\032\016\032\000\040\000P\000C\000B\000\040\000\050\000P\000C\000B\000\040\000D\000e\000s\000i\000g\000n\000\051}{subsection.2.2}% 18
\BOOKMARK [3][-]{subsubsection.2.2.4}{\376\377\016\001\016\062\016\043\016\055\016\055\016\001\016\101\016\032\016\032\016\047\016\007\016\010\016\043\016\033\016\111\016\055\016\007\016\001\016\061\016\031\000\040\000\050\000P\000r\000o\000t\000e\000c\000t\000i\000o\000n\000\040\000C\000i\000r\000c\000u\000i\000t\000\051}{subsection.2.2}% 19
\BOOKMARK [3][-]{subsubsection.2.2.5}{\376\377\016\001\016\062\016\043\016\055\016\055\016\001\016\101\016\032\016\032\016\047\016\007\016\010\016\043\000\040\000O\000p\000t\000o\000c\000o\000u\000p\000l\000e\000r\000\040\016\101\016\045\016\060\000\040\000R\000e\000l\000a\000y}{subsection.2.2}% 20
\BOOKMARK [3][-]{subsubsection.2.2.6}{\376\377\000S\000T\000M\0003\0002\000\040\000P\000i\000n\000\040\000A\000s\000s\000i\000g\000n\000m\000e\000n\000t}{subsection.2.2}% 21
\BOOKMARK [3][-]{subsubsection.2.2.7}{\376\377\016\001\016\062\016\043\016\055\016\055\016\001\016\101\016\032\016\032\016\043\016\060\016\032\016\032\000\040\000J\000o\000y\000s\000t\000i\000c\000k}{subsection.2.2}% 22
\BOOKMARK [2][-]{subsection.2.3}{\376\377\016\001\016\062\016\043\016\055\016\055\016\001\016\101\016\032\016\032\016\043\016\060\016\032\016\032\016\004\016\047\016\032\016\004\016\070\016\041\000\040\000\050\000C\000o\000n\000t\000r\000o\000l\000\040\000D\000e\000s\000i\000g\000n\000\051}{section.2}% 23
\BOOKMARK [3][-]{subsubsection.2.3.1}{\376\377\016\001\016\062\016\043\016\052\016\043\016\111\016\062\016\007\016\101\016\032\016\032\016\010\016\063\016\045\016\055\016\007\016\043\016\060\016\032\016\032\000\040\000\050\000S\000y\000s\000t\000e\000m\000\040\000M\000o\000d\000e\000l\000i\000n\000g\000\051}{subsection.2.3}% 24
\BOOKMARK [3][-]{subsubsection.2.3.2}{\376\377\016\001\016\062\016\043\016\027\016\063\000\040\000S\000y\000s\000t\000e\000m\000\040\000I\000d\000e\000n\000t\000i\000f\000i\000c\000a\000t\000i\000o\000n}{subsection.2.3}% 25
\BOOKMARK [3][-]{subsubsection.2.3.3}{\376\377\016\001\016\062\016\043\016\055\016\055\016\001\016\101\016\032\016\032\016\025\016\061\016\047\016\004\016\047\016\032\016\004\016\070\016\041\000\040\000P\000I\000D\000\040\016\024\016\111\016\047\016\042\000\040\000R\000o\000o\000t\000\040\000L\000o\000c\000u\000s}{subsection.2.3}% 26
\BOOKMARK [3][-]{subsubsection.2.3.4}{\376\377\000M\000o\000t\000i\000o\000n\000\040\000P\000r\000o\000f\000i\000l\000e\000\040\016\101\016\032\016\032\000\040\000S\000-\000C\000u\000r\000v\000e}{subsection.2.3}% 27
\BOOKMARK [3][-]{subsubsection.2.3.5}{\376\377\016\001\016\062\016\043\000\040\000S\000i\000m\000u\000l\000a\000t\000i\000o\000n\000\040\016\024\016\111\016\047\016\042\000\040\000S\000t\000a\000t\000e\000\040\000S\000p\000a\000c\000e\000\040\000M\000o\000d\000e\000l}{subsection.2.3}% 28
\BOOKMARK [2][-]{subsection.2.4}{\376\377\016\001\016\062\016\043\016\047\016\064\016\100\016\004\016\043\016\062\016\060\016\053\016\114\016\034\016\045\016\001\016\043\016\060\016\027\016\032\016\002\016\055\016\007\000\040\000C\000o\000n\000n\000e\000c\000t\000i\000o\000n\000\040\000R\000o\000d\000\040\016\025\016\110\016\055\000\040\000C\000y\000c\000l\000e\000\040\000T\000i\000m\000e}{section.2}% 29
\BOOKMARK [3][-]{subsubsection.2.4.1}{\376\377\016\027\016\065\016\110\016\041\016\062\016\002\016\055\016\007\016\033\016\061\016\015\016\053\016\062}{subsection.2.4}% 30
\BOOKMARK [3][-]{subsubsection.2.4.2}{\376\377\016\101\016\032\016\032\016\010\016\063\016\045\016\055\016\007\000\040\000C\000o\000n\000n\000e\000c\000t\000i\000o\000n\000\040\000R\000o\000d}{subsection.2.4}% 31
\BOOKMARK [3][-]{subsubsection.2.4.3}{\376\377\016\002\016\111\016\055\016\010\016\063\016\001\016\061\016\024\016\024\016\111\016\062\016\031\016\004\016\047\016\062\016\041\016\101\016\041\016\110\016\031\016\042\016\063\016\103\016\031\016\001\016\062\016\043\000\040\000P\000i\000c\000k\000\040\016\101\016\045\016\060\000\040\000P\000l\000a\000c\000e}{subsection.2.4}% 32
\BOOKMARK [3][-]{subsubsection.2.4.4}{\376\377\016\001\016\062\016\043\016\047\016\064\016\100\016\004\016\043\016\062\016\060\016\053\016\114\000\040\000I\000n\000p\000u\000t\000\040\000S\000h\000a\000p\000i\000n\000g\000\040\016\101\016\045\016\060\000\040\000M\000u\000l\000t\000i\000-\000o\000b\000j\000e\000c\000t\000i\000v\000e\000\040\000O\000p\000t\000i\000m\000i\000z\000a\000t\000i\000o\000n}{subsection.2.4}% 33
\BOOKMARK [3][-]{subsubsection.2.4.5}{\376\377\016\052\016\043\016\070\016\033\016\034\016\045\016\101\016\045\016\060\016\002\016\111\016\055\016\010\016\063\016\001\016\061\016\024\016\027\016\065\016\110\016\036\016\032}{subsection.2.4}% 34
\BOOKMARK [1][-]{section.3}{\376\377\016\001\016\062\016\043\016\024\016\063\016\100\016\031\016\064\016\031\016\001\016\062\016\043\016\052\016\043\016\111\016\062\016\007\016\101\016\045\016\060\016\025\016\064\016\024\016\025\016\061\016\111\016\007\016\043\016\060\016\032\016\032\000\040\000\050\000I\000m\000p\000l\000e\000m\000e\000n\000t\000a\000t\000i\000o\000n\000\051}{}% 35
\BOOKMARK [2][-]{subsection.3.1}{\376\377\016\001\016\062\016\043\016\033\016\043\016\060\016\001\016\055\016\032\016\100\016\012\016\064\016\007\016\001\016\045\000\040\000\050\000M\000e\000c\000h\000a\000n\000i\000c\000a\000l\000\040\000A\000s\000s\000e\000m\000b\000l\000y\000\051}{section.3}% 36
\BOOKMARK [3][-]{subsubsection.3.1.1}{\376\377\016\045\016\063\016\024\016\061\016\032\016\002\016\061\016\111\016\031\016\025\016\055\016\031\016\001\016\062\016\043\016\033\016\043\016\060\016\001\016\055\016\032}{subsection.3.1}% 37
\BOOKMARK [3][-]{subsubsection.3.1.2}{\376\377\016\034\016\045\016\001\016\062\016\043\016\033\016\043\016\060\016\001\016\055\016\032\016\012\016\064\016\111\016\031\016\052\016\110\016\047\016\031}{subsection.3.1}% 38
\BOOKMARK [3][-]{subsubsection.3.1.3}{\376\377\016\001\016\062\016\043\016\025\016\043\016\047\016\010\016\052\016\055\016\032\016\002\016\031\016\062\016\024\016\010\016\043\016\064\016\007}{subsection.3.1}% 39
\BOOKMARK [2][-]{subsection.3.2}{\376\377\016\001\016\062\016\043\016\033\016\043\016\060\016\001\016\055\016\032\016\025\016\071\016\111\016\004\016\047\016\032\016\004\016\070\016\041\016\104\016\037\016\037\016\111\016\062\000\040\000\050\000E\000l\000e\000c\000t\000r\000i\000c\000a\000l\000\040\000C\000a\000b\000i\000n\000e\000t\000\040\000A\000s\000s\000e\000m\000b\000l\000y\000\051}{section.3}% 40
\BOOKMARK [3][-]{subsubsection.3.2.1}{\376\377\016\043\016\062\016\042\016\001\016\062\016\043\016\055\016\070\016\033\016\001\016\043\016\023\016\114\016\040\016\062\016\042\016\103\016\031\016\025\016\071\016\111}{subsection.3.2}% 41
\BOOKMARK [3][-]{subsubsection.3.2.2}{\376\377\016\034\016\045\016\001\016\062\016\043\016\033\016\043\016\060\016\001\016\055\016\032\016\025\016\071\016\111\016\004\016\047\016\032\016\004\016\070\016\041}{subsection.3.2}% 42
\BOOKMARK [2][-]{subsection.3.3}{\376\377\016\052\016\026\016\062\016\033\016\061\016\025\016\042\016\001\016\043\016\043\016\041\000\040\000S\000T\000M\0003\0002\000\040\000F\000i\000r\000m\000w\000a\000r\000e\000\040\000\050\000F\000i\000r\000m\000w\000a\000r\000e\000\040\000A\000r\000c\000h\000i\000t\000e\000c\000t\000u\000r\000e\000\051}{section.3}% 43
\BOOKMARK [3][-]{subsubsection.3.3.1}{\376\377\016\040\016\062\016\036\016\043\016\047\016\041\016\052\016\026\016\062\016\033\016\061\016\025\016\042\016\001\016\043\016\043\016\041\000\040\000F\000i\000r\000m\000w\000a\000r\000e}{subsection.3.3}% 44
\BOOKMARK [3][-]{subsubsection.3.3.2}{\376\377\016\102\016\004\016\043\016\007\016\052\016\043\016\111\016\062\016\007\016\104\016\037\016\045\016\114\016\101\016\045\016\060\016\102\016\041\016\024\016\071\016\045\000\040\000\050\000C\000o\000d\000e\000\040\000S\000t\000r\000u\000c\000t\000u\000r\000e\000\051}{subsection.3.3}% 45
\BOOKMARK [3][-]{subsubsection.3.3.3}{\376\377\000I\000n\000t\000e\000r\000r\000u\000p\000t\000\040\000S\000e\000r\000v\000i\000c\000e\000\040\000R\000o\000u\000t\000i\000n\000e\000\040\000\050\000I\000S\000R\000\051\000\040\016\101\016\045\016\060\000\040\000T\000i\000m\000i\000n\000g}{subsection.3.3}% 46
\BOOKMARK [3][-]{subsubsection.3.3.4}{\376\377\016\001\016\062\016\043\016\027\016\063\016\007\016\062\016\031\016\043\016\110\016\047\016\041\016\001\016\061\016\031\016\002\016\055\016\007\016\102\016\041\016\024\016\071\016\045\000\040\000\050\000M\000o\000d\000u\000l\000e\000\040\000I\000n\000t\000e\000r\000a\000c\000t\000i\000o\000n\000\051}{subsection.3.3}% 47
\BOOKMARK [3][-]{subsubsection.3.3.5}{\376\377\016\001\016\062\016\043\000\040\000I\000m\000p\000l\000e\000m\000e\000n\000t\000\040\000S\000-\000C\000u\000r\000v\000e\000\040\000M\000o\000t\000i\000o\000n\000\040\000P\000r\000o\000f\000i\000l\000e\000\040\016\103\016\031\000\040\000F\000i\000r\000m\000w\000a\000r\000e}{subsection.3.3}% 48
\BOOKMARK [3][-]{subsubsection.3.3.6}{\376\377\000J\000o\000y\000s\000t\000i\000c\000k\000\040\000M\000o\000d\000e\000\040\016\101\016\045\016\060\016\001\016\062\016\043\000\040\000M\000a\000p\000\040\016\033\016\070\016\110\016\041}{subsection.3.3}% 49
\BOOKMARK [1][-]{section.4}{\376\377\016\001\016\062\016\043\016\032\016\071\016\043\016\023\016\062\016\001\016\062\016\043\016\043\016\060\016\032\016\032\000\040\000\050\000S\000y\000s\000t\000e\000m\000\040\000I\000n\000t\000e\000g\000r\000a\000t\000i\000o\000n\000\051}{}% 50
\BOOKMARK [2][-]{subsection.4.1}{\376\377\016\052\016\026\016\062\016\033\016\061\016\025\016\042\016\001\016\043\016\043\016\041\016\001\016\062\016\043\016\032\016\071\016\043\016\023\016\062\016\001\016\062\016\043}{section.4}% 51
\BOOKMARK [2][-]{subsection.4.2}{\376\377\016\001\016\062\016\043\016\100\016\012\016\067\016\110\016\055\016\041\016\025\016\110\016\055\000\040\000S\000T\000M\0003\0002\000\040\016\001\016\061\016\032\000\040\000M\000o\000t\000o\000r\000\040\016\101\016\045\016\060\000\040\000E\000n\000c\000o\000d\000e\000r}{section.4}% 52
\BOOKMARK [2][-]{subsection.4.3}{\376\377\016\001\016\062\016\043\016\100\016\012\016\067\016\110\016\055\016\041\016\025\016\110\016\055\000\040\000J\000o\000y\000s\000t\000i\000c\000k}{section.4}% 53
\BOOKMARK [2][-]{subsection.4.4}{\376\377\016\001\016\062\016\043\016\100\016\012\016\067\016\110\016\055\016\041\016\025\016\110\016\055\000\040\000M\000o\000d\000b\000u\000s\000\040\016\001\016\061\016\032\000\040\000B\000a\000s\000e\000\040\000S\000y\000s\000t\000e\000m}{section.4}% 54
\BOOKMARK [2][-]{subsection.4.5}{\376\377\016\101\016\034\016\031\016\001\016\062\016\043\016\027\016\024\016\052\016\055\016\032\000\040\000E\000n\000d\000-\000t\000o\000-\000E\000n\000d}{section.4}% 55
\BOOKMARK [1][-]{section.5}{\376\377\016\034\016\045\016\001\016\062\016\043\016\027\016\024\016\052\016\055\016\032\000\040\000\050\000T\000e\000s\000t\000\040\000R\000e\000s\000u\000l\000t\000s\000\051}{}% 56
\BOOKMARK [2][-]{subsection.5.1}{\376\377\016\034\016\045\016\001\016\062\016\043\016\027\016\024\016\052\016\055\016\032\000\040\000P\000r\000o\000g\000r\000e\000s\000s\000\040\000U\000p\000d\000a\000t\000e\000\040\0001}{section.5}% 57
\BOOKMARK [3][-]{subsubsection.5.1.1}{\376\377\016\034\016\045\000\040\000F\000E\000A\000\040\016\101\016\045\016\060\016\001\016\062\016\043\016\004\016\063\016\031\016\047\016\023\000\040\000D\000e\000f\000l\000e\000c\000t\000i\000o\000n}{subsection.5.1}% 58
\BOOKMARK [3][-]{subsubsection.5.1.2}{\376\377\016\034\016\045\016\001\016\062\016\043\016\004\016\063\016\031\016\047\016\023\000\040\000M\000o\000t\000i\000o\000n\000\040\000P\000r\000o\000f\000i\000l\000e\000\040\000\050\016\027\016\044\016\051\016\016\016\065\000\051}{subsection.5.1}% 59
\BOOKMARK [2][-]{subsection.5.2}{\376\377\016\034\016\045\016\001\016\062\016\043\016\025\016\043\016\047\016\010\016\052\016\055\016\032\016\004\016\047\016\062\016\041\016\026\016\071\016\001\016\025\016\111\016\055\016\007\016\002\016\055\016\007\016\101\016\032\016\032\016\010\016\063\016\045\016\055\016\007\000\040\000\050\000M\000o\000d\000e\000l\000\040\000V\000a\000l\000i\000d\000a\000t\000i\000o\000n\000\051}{section.5}% 60
\BOOKMARK [2][-]{subsection.5.3}{\376\377\016\034\016\045\016\001\016\062\016\043\016\010\016\063\016\045\016\055\016\007\016\052\016\041\016\043\016\043\016\026\016\031\016\060\016\001\016\062\016\043\016\004\016\047\016\032\016\004\016\070\016\041\000\040\000\050\000C\000o\000n\000t\000r\000o\000l\000\040\000P\000e\000r\000f\000o\000r\000m\000a\000n\000c\000e\000\040\000S\000i\000m\000u\000l\000a\000t\000i\000o\000n\000\051}{section.5}% 61
\BOOKMARK [2][-]{subsection.5.4}{\376\377\016\034\016\045\016\001\016\062\016\043\016\047\016\064\016\100\016\004\016\043\016\062\016\060\016\053\016\114\016\101\016\045\016\060\016\053\016\062\016\004\016\110\016\062\016\036\016\062\016\043\016\062\016\041\016\064\016\100\016\025\016\055\016\043\016\114\016\027\016\065\016\110\016\100\016\053\016\041\016\062\016\060\016\052\016\041\000\040\000\050\000O\000p\000t\000i\000m\000i\000z\000a\000t\000i\000o\000n\000\040\000R\000e\000s\000u\000l\000t\000s\000\051}{section.5}% 62
\BOOKMARK [2][-]{subsection.5.5}{\376\377\016\034\016\045\016\001\016\062\016\043\016\027\016\024\016\052\016\055\016\032\000\040\000P\000r\000o\000g\000r\000e\000s\000s\000\040\000U\000p\000d\000a\000t\000e\000\040\0002\000\040\000\050\000U\000n\000i\000t\000\040\000T\000e\000s\000t\000s\000\051}{section.5}% 63
\BOOKMARK [3][-]{subsubsection.5.5.1}{\376\377\000U\000n\000i\000t\000\040\000T\000e\000s\000t\000:\000\040\016\001\016\062\016\043\016\055\016\110\016\062\016\031\000\040\000E\000n\000c\000o\000d\000e\000r\000\040\016\101\016\045\016\060\000\040\000P\000W\000M\000\040\000\050\000D\000e\000l\000i\000v\000e\000r\000a\000b\000l\000e\000\040\0002\000\051}{subsection.5.5}% 64
\BOOKMARK [3][-]{subsubsection.5.5.2}{\376\377\000U\000n\000i\000t\000\040\000T\000e\000s\000t\000:\000\040\016\025\016\071\016\111\016\004\016\047\016\032\016\004\016\070\016\041\016\104\016\037\016\037\016\111\016\062\000\040\000\050\000D\000e\000l\000i\000v\000e\000r\000a\000b\000l\000e\000\040\0001\000\051}{subsection.5.5}% 65
\BOOKMARK [3][-]{subsubsection.5.5.3}{\376\377\016\001\016\062\016\043\016\027\016\063\000\040\000S\000y\000s\000t\000e\000m\000\040\000I\000d\000e\000n\000t\000i\000f\000i\000c\000a\000t\000i\000o\000n\000\040\000\050\000D\000e\000l\000i\000v\000e\000r\000a\000b\000l\000e\000\040\0006\000\051}{subsection.5.5}% 66
\BOOKMARK [3][-]{subsubsection.5.5.4}{\376\377\016\034\016\045\000\040\000S\000i\000m\000u\000l\000a\000t\000i\000o\000n\000\040\000S\000i\000m\000s\000c\000a\000p\000e}{subsection.5.5}% 67
\BOOKMARK [1][-]{section.6}{\376\377\016\001\016\062\016\043\016\025\016\043\016\047\016\010\016\052\016\055\016\032\016\101\016\045\016\060\016\027\016\047\016\031\016\052\016\055\016\032\000\040\000\050\000V\000e\000r\000i\000f\000i\000c\000a\000t\000i\000o\000n\000\040\000a\000n\000d\000\040\000V\000a\000l\000i\000d\000a\000t\000i\000o\000n\000\051}{}% 68
\BOOKMARK [2][-]{subsection.6.1}{\376\377\016\040\016\062\016\036\016\043\016\047\016\041\000\040\000V\000\046\000V\000\040\000F\000r\000a\000m\000e\000w\000o\000r\000k}{section.6}% 69
\BOOKMARK [2][-]{subsection.6.2}{\376\377\016\025\016\062\016\043\016\062\016\007\000\040\000V\000\046\000V\000\040\016\043\016\047\016\041\016\027\016\061\016\111\016\007\016\053\016\041\016\024\000\040\000\050\0003\0002\000\040\000R\000e\000q\000u\000i\000r\000e\000m\000e\000n\000t\000s\000\051}{section.6}% 70
\BOOKMARK [2][-]{subsection.6.3}{\376\377\016\025\016\062\016\043\016\062\016\007\000\040\000V\000\046\000V\000\040\016\101\016\042\016\001\016\025\016\062\016\041\000\040\000C\000a\000t\000e\000g\000o\000r\000y}{section.6}% 71
\BOOKMARK [3][-]{subsubsection.6.3.1}{\376\377\000M\000e\000c\000h\000a\000n\000i\000c\000a\000l\000\040\000R\000e\000q\000u\000i\000r\000e\000m\000e\000n\000t\000s\000\040\000\050\000M\0001\040\023\000M\0001\0000\000\051}{subsection.6.3}% 72
\BOOKMARK [3][-]{subsubsection.6.3.2}{\376\377\000P\000e\000r\000f\000o\000r\000m\000a\000n\000c\000e\000\040\000R\000e\000q\000u\000i\000r\000e\000m\000e\000n\000t\000s\000\040\000\050\000P\0001\040\023\000P\0007\000\051}{subsection.6.3}% 73
\BOOKMARK [3][-]{subsubsection.6.3.3}{\376\377\000A\000c\000c\000u\000r\000a\000c\000y\000\040\000R\000e\000q\000u\000i\000r\000e\000m\000e\000n\000t\000s\000\040\000\050\000A\0001\040\023\000A\0005\000\051}{subsection.6.3}% 74
\BOOKMARK [3][-]{subsubsection.6.3.4}{\376\377\000E\000l\000e\000c\000t\000r\000i\000c\000a\000l\000\040\000R\000e\000q\000u\000i\000r\000e\000m\000e\000n\000t\000s\000\040\000\050\000E\0001\040\023\000E\0009\000\051}{subsection.6.3}% 75
\BOOKMARK [3][-]{subsubsection.6.3.5}{\376\377\000J\000o\000y\000s\000t\000i\000c\000k\000\040\000R\000e\000q\000u\000i\000r\000e\000m\000e\000n\000t\000s\000\040\000\050\000J\0001\000\051}{subsection.6.3}% 76
\BOOKMARK [2][-]{subsection.6.4}{\376\377\016\052\016\043\016\070\016\033\016\052\016\026\016\062\016\031\016\060\000\040\000V\000\046\000V\000\040\016\025\016\062\016\041\000\040\000C\000a\000t\000e\000g\000o\000r\000y}{section.6}% 77
\BOOKMARK [1][-]{section.7}{\376\377\016\052\016\043\016\070\016\033\016\034\016\045\016\101\016\045\016\060\016\101\016\031\016\047\016\027\016\062\016\007\016\025\016\110\016\055\016\104\016\033\000\040\000\050\000C\000o\000n\000c\000l\000u\000s\000i\000o\000n\000\051}{}% 78
\BOOKMARK [2][-]{subsection.7.1}{\376\377\016\052\016\043\016\070\016\033\016\034\016\045\016\007\016\062\016\031\000\040\000P\000r\000o\000g\000r\000e\000s\000s\000\040\000U\000p\000d\000a\000t\000e\000\040\0001}{section.7}% 79
\BOOKMARK [2][-]{subsection.7.2}{\376\377\016\052\016\043\016\070\016\033\016\034\016\045\016\007\016\062\016\031\000\040\000P\000r\000o\000g\000r\000e\000s\000s\000\040\000U\000p\000d\000a\000t\000e\000\040\0002}{section.7}% 80
\BOOKMARK [2][-]{subsection.7.3}{\376\377\016\101\016\031\016\047\016\027\016\062\016\007\016\101\016\045\016\060\016\101\016\034\016\031\016\007\016\062\016\031\016\025\016\110\016\055\016\104\016\033\000\040\000\050\000F\000u\000t\000u\000r\000e\000\040\000W\000o\000r\000k\000\051}{section.7}% 81
\BOOKMARK [1][-]{appendix.A}{\376\377\016\043\016\062\016\042\016\045\016\060\016\100\016\055\016\065\016\042\016\024\016\001\016\062\016\043\016\004\016\063\016\031\016\047\016\023\016\100\016\012\016\064\016\007\016\001\016\045}{}% 82
\BOOKMARK [1][-]{appendix.B}{\376\377\016\043\016\062\016\042\016\045\016\060\016\100\016\055\016\065\016\042\016\024\016\001\016\062\016\043\016\004\016\063\016\031\016\047\016\023\000\040\000M\000o\000t\000i\000o\000n\000\040\000P\000r\000o\000f\000i\000l\000e}{}% 83
\BOOKMARK [1][-]{appendix.C}{\376\377\000S\000c\000h\000e\000m\000a\000t\000i\000c\000\040\016\104\016\037\016\037\016\111\016\062\016\011\016\032\016\061\016\032\016\100\016\025\016\107\016\041}{}% 84
\BOOKMARK [1][-]{appendix.D}{\376\377\000C\000o\000d\000e\000\040\000S\000n\000i\000p\000p\000e\000t\000\040\016\053\016\045\016\061\016\001\016\002\016\055\016\007\000\040\000S\000T\000M\0003\0002\000\040\000F\000i\000r\000m\000w\000a\000r\000e}{}% 85
\BOOKMARK [1][-]{appendix.E}{\376\377\016\034\016\045\016\001\016\062\016\043\000\040\000S\000i\000m\000u\000l\000a\000t\000i\000o\000n\000\040\000S\000i\000m\000s\000c\000a\000p\000e\000\040\016\011\016\032\016\061\016\032\016\100\016\025\016\107\016\041}{}% 86
\BOOKMARK [1][-]{appendix.F}{\376\377\000L\000o\000g\000\040\016\001\016\062\016\043\016\027\016\024\016\052\016\055\016\032\000\040\000U\000n\000i\000t\000\040\000T\000e\000s\000t}{}% 87
